Started GET "/" for ::1 at 2020-08-13 20:58:35 -0700
  [1m[35m (2.0ms)[0m  [1m[34mSELECT sqlite_version(*)[0m
  
ActiveRecord::PendingMigrationError (

Migrations are pending. To resolve this issue, run:

        rails db:migrate RAILS_ENV=development

):
  
activerecord (6.0.3.2) lib/active_record/migration.rb:586:in `check_pending!'
activerecord (6.0.3.2) lib/active_record/migration.rb:564:in `call'
actionpack (6.0.3.2) lib/action_dispatch/middleware/callbacks.rb:27:in `block in call'
activesupport (6.0.3.2) lib/active_support/callbacks.rb:101:in `run_callbacks'
actionpack (6.0.3.2) lib/action_dispatch/middleware/callbacks.rb:26:in `call'
actionpack (6.0.3.2) lib/action_dispatch/middleware/executor.rb:14:in `call'
actionpack (6.0.3.2) lib/action_dispatch/middleware/actionable_exceptions.rb:17:in `call'
actionpack (6.0.3.2) lib/action_dispatch/middleware/debug_exceptions.rb:32:in `call'
web-console (4.0.4) lib/web_console/middleware.rb:132:in `call_app'
web-console (4.0.4) lib/web_console/middleware.rb:28:in `block in call'
web-console (4.0.4) lib/web_console/middleware.rb:17:in `catch'
web-console (4.0.4) lib/web_console/middleware.rb:17:in `call'
actionpack (6.0.3.2) lib/action_dispatch/middleware/show_exceptions.rb:33:in `call'
railties (6.0.3.2) lib/rails/rack/logger.rb:37:in `call_app'
railties (6.0.3.2) lib/rails/rack/logger.rb:26:in `block in call'
activesupport (6.0.3.2) lib/active_support/tagged_logging.rb:80:in `block in tagged'
activesupport (6.0.3.2) lib/active_support/tagged_logging.rb:28:in `tagged'
activesupport (6.0.3.2) lib/active_support/tagged_logging.rb:80:in `tagged'
railties (6.0.3.2) lib/rails/rack/logger.rb:26:in `call'
sprockets-rails (3.2.1) lib/sprockets/rails/quiet_assets.rb:13:in `call'
actionpack (6.0.3.2) lib/action_dispatch/middleware/remote_ip.rb:81:in `call'
actionpack (6.0.3.2) lib/action_dispatch/middleware/request_id.rb:27:in `call'
rack (2.2.3) lib/rack/method_override.rb:24:in `call'
rack (2.2.3) lib/rack/runtime.rb:22:in `call'
activesupport (6.0.3.2) lib/active_support/cache/strategy/local_cache_middleware.rb:29:in `call'
actionpack (6.0.3.2) lib/action_dispatch/middleware/executor.rb:14:in `call'
actionpack (6.0.3.2) lib/action_dispatch/middleware/static.rb:126:in `call'
rack (2.2.3) lib/rack/sendfile.rb:110:in `call'
actionpack (6.0.3.2) lib/action_dispatch/middleware/host_authorization.rb:82:in `call'
webpacker (4.2.2) lib/webpacker/dev_server_proxy.rb:23:in `perform_request'
rack-proxy (0.6.5) lib/rack/proxy.rb:57:in `call'
railties (6.0.3.2) lib/rails/engine.rb:527:in `call'
puma (4.3.5) lib/puma/configuration.rb:228:in `call'
puma (4.3.5) lib/puma/server.rb:713:in `handle_request'
puma (4.3.5) lib/puma/server.rb:472:in `process_client'
puma (4.3.5) lib/puma/server.rb:328:in `block in run'
puma (4.3.5) lib/puma/thread_pool.rb:134:in `block in spawn_thread'
Started POST "/rails/actions" for ::1 at 2020-08-13 20:58:38 -0700
  [1m[35m (1.5ms)[0m  [1m[35mCREATE TABLE "schema_migrations" ("version" varchar NOT NULL PRIMARY KEY)[0m
  [1m[35m (0.9ms)[0m  [1m[35mCREATE TABLE "ar_internal_metadata" ("key" varchar NOT NULL PRIMARY KEY, "value" varchar, "created_at" datetime(6) NOT NULL, "updated_at" datetime(6) NOT NULL)[0m
  [1m[35m (0.1ms)[0m  [1m[34mSELECT "schema_migrations"."version" FROM "schema_migrations" ORDER BY "schema_migrations"."version" ASC[0m
Migrating to CreateTodoLists (20200814035405)
  [1m[35m (0.1ms)[0m  [1m[36mbegin transaction[0m
  [1m[35m (0.6ms)[0m  [1m[35mCREATE TABLE "todo_lists" ("id" integer PRIMARY KEY AUTOINCREMENT NOT NULL, "title" varchar, "description" text, "created_at" datetime(6) NOT NULL, "updated_at" datetime(6) NOT NULL)[0m
  [1m[36mprimary::SchemaMigration Create (0.4ms)[0m  [1m[32mINSERT INTO "schema_migrations" ("version") VALUES (?)[0m  [["version", "20200814035405"]]
  [1m[35m (0.8ms)[0m  [1m[36mcommit transaction[0m
  [1m[36mActiveRecord::InternalMetadata Load (0.3ms)[0m  [1m[34mSELECT "ar_internal_metadata".* FROM "ar_internal_metadata" WHERE "ar_internal_metadata"."key" = ? LIMIT ?[0m  [["key", "environment"], ["LIMIT", 1]]
  [1m[35m (0.1ms)[0m  [1m[36mbegin transaction[0m
  [1m[36mActiveRecord::InternalMetadata Create (0.7ms)[0m  [1m[32mINSERT INTO "ar_internal_metadata" ("key", "value", "created_at", "updated_at") VALUES (?, ?, ?, ?)[0m  [["key", "environment"], ["value", "development"], ["created_at", "2020-08-14 03:58:38.675505"], ["updated_at", "2020-08-14 03:58:38.675505"]]
  [1m[35m (0.7ms)[0m  [1m[36mcommit transaction[0m
Started GET "/" for ::1 at 2020-08-13 20:58:38 -0700
  [1m[35m (0.1ms)[0m  [1m[34mSELECT "schema_migrations"."version" FROM "schema_migrations" ORDER BY "schema_migrations"."version" ASC[0m
Processing by Rails::WelcomeController#index as HTML
  Rendering /Users/alysiawu/.rvm/gems/ruby-2.7.0/gems/railties-6.0.3.2/lib/rails/templates/rails/welcome/index.html.erb
  Rendered /Users/alysiawu/.rvm/gems/ruby-2.7.0/gems/railties-6.0.3.2/lib/rails/templates/rails/welcome/index.html.erb (Duration: 6.5ms | Allocations: 1894)
Completed 200 OK in 13ms (Views: 7.8ms | ActiveRecord: 0.0ms | Allocations: 4243)


Started GET "/todo_list" for ::1 at 2020-08-13 20:58:59 -0700
  
ActionController::RoutingError (No route matches [GET] "/todo_list"):
  
actionpack (6.0.3.2) lib/action_dispatch/middleware/debug_exceptions.rb:36:in `call'
web-console (4.0.4) lib/web_console/middleware.rb:132:in `call_app'
web-console (4.0.4) lib/web_console/middleware.rb:28:in `block in call'
web-console (4.0.4) lib/web_console/middleware.rb:17:in `catch'
web-console (4.0.4) lib/web_console/middleware.rb:17:in `call'
actionpack (6.0.3.2) lib/action_dispatch/middleware/show_exceptions.rb:33:in `call'
railties (6.0.3.2) lib/rails/rack/logger.rb:37:in `call_app'
railties (6.0.3.2) lib/rails/rack/logger.rb:26:in `block in call'
activesupport (6.0.3.2) lib/active_support/tagged_logging.rb:80:in `block in tagged'
activesupport (6.0.3.2) lib/active_support/tagged_logging.rb:28:in `tagged'
activesupport (6.0.3.2) lib/active_support/tagged_logging.rb:80:in `tagged'
railties (6.0.3.2) lib/rails/rack/logger.rb:26:in `call'
sprockets-rails (3.2.1) lib/sprockets/rails/quiet_assets.rb:13:in `call'
actionpack (6.0.3.2) lib/action_dispatch/middleware/remote_ip.rb:81:in `call'
actionpack (6.0.3.2) lib/action_dispatch/middleware/request_id.rb:27:in `call'
rack (2.2.3) lib/rack/method_override.rb:24:in `call'
rack (2.2.3) lib/rack/runtime.rb:22:in `call'
activesupport (6.0.3.2) lib/active_support/cache/strategy/local_cache_middleware.rb:29:in `call'
actionpack (6.0.3.2) lib/action_dispatch/middleware/executor.rb:14:in `call'
actionpack (6.0.3.2) lib/action_dispatch/middleware/static.rb:126:in `call'
rack (2.2.3) lib/rack/sendfile.rb:110:in `call'
actionpack (6.0.3.2) lib/action_dispatch/middleware/host_authorization.rb:82:in `call'
webpacker (4.2.2) lib/webpacker/dev_server_proxy.rb:23:in `perform_request'
rack-proxy (0.6.5) lib/rack/proxy.rb:57:in `call'
railties (6.0.3.2) lib/rails/engine.rb:527:in `call'
puma (4.3.5) lib/puma/configuration.rb:228:in `call'
puma (4.3.5) lib/puma/server.rb:713:in `handle_request'
puma (4.3.5) lib/puma/server.rb:472:in `process_client'
puma (4.3.5) lib/puma/server.rb:328:in `block in run'
puma (4.3.5) lib/puma/thread_pool.rb:134:in `block in spawn_thread'
Started GET "/todo_lists" for ::1 at 2020-08-13 20:59:05 -0700
Processing by TodoListsController#index as HTML
  Rendering todo_lists/index.html.erb within layouts/application
  [1m[36mTodoList Load (0.3ms)[0m  [1m[34mSELECT "todo_lists".* FROM "todo_lists"[0m
  ↳ app/views/todo_lists/index.html.erb:15
  Rendered todo_lists/index.html.erb within layouts/application (Duration: 4.8ms | Allocations: 1266)
[Webpacker] Compiling...
[Webpacker] Compiled all packs in /Users/alysiawu/github/Ruby_Rail_Learn/list_manifesto/todo/public/packs
[Webpacker] Hash: 15d1bb7b54cf6326b9ba
Version: webpack 4.44.1
Time: 1860ms
Built at: 08/13/2020 8:59:09 PM
                                     Asset       Size       Chunks                         Chunk Names
    js/application-9afcbb5693aa87623e69.js    124 KiB  application  [emitted] [immutable]  application
js/application-9afcbb5693aa87623e69.js.map    139 KiB  application  [emitted] [dev]        application
                             manifest.json  364 bytes               [emitted]              
Entrypoint application = js/application-9afcbb5693aa87623e69.js js/application-9afcbb5693aa87623e69.js.map
[./app/javascript/channels sync recursive _channel\.js$] ./app/javascript/channels sync _channel\.js$ 160 bytes {application} [built]
[./app/javascript/channels/index.js] 211 bytes {application} [built]
[./app/javascript/packs/application.js] 749 bytes {application} [built]
[./node_modules/webpack/buildin/module.js] (webpack)/buildin/module.js 552 bytes {application} [built]
    + 3 hidden modules

Completed 200 OK in 4200ms (Views: 4194.5ms | ActiveRecord: 0.5ms | Allocations: 23725)


Started GET "/todo_lists/new" for ::1 at 2020-08-13 20:59:12 -0700
Processing by TodoListsController#new as HTML
  Rendering todo_lists/new.html.erb within layouts/application
  Rendered todo_lists/_form.html.erb (Duration: 37.1ms | Allocations: 6529)
  Rendered todo_lists/new.html.erb within layouts/application (Duration: 38.9ms | Allocations: 6865)
[Webpacker] Everything's up-to-date. Nothing to do
Completed 200 OK in 58ms (Views: 47.0ms | ActiveRecord: 0.7ms | Allocations: 13460)


Started POST "/todo_lists" for ::1 at 2020-08-13 20:59:21 -0700
Processing by TodoListsController#create as HTML
  Parameters: {"authenticity_token"=>"Ljz8kxlIXA+Q+fMTFES6/E3wA8Bux4OdnYnIkQIkd/TgYYMox8LLPwBvFK6HAG3WW0eF43tCWBr8bGgZegW3Ow==", "todo_list"=>{"title"=>"HI ", "description"=>"Test"}, "commit"=>"Create Todo list"}
  [1m[35m (0.1ms)[0m  [1m[36mbegin transaction[0m
  ↳ app/controllers/todo_lists_controller.rb:30:in `block in create'
  [1m[36mTodoList Create (0.6ms)[0m  [1m[32mINSERT INTO "todo_lists" ("title", "description", "created_at", "updated_at") VALUES (?, ?, ?, ?)[0m  [["title", "HI "], ["description", "Test"], ["created_at", "2020-08-14 03:59:21.906394"], ["updated_at", "2020-08-14 03:59:21.906394"]]
  ↳ app/controllers/todo_lists_controller.rb:30:in `block in create'
  [1m[35m (0.8ms)[0m  [1m[36mcommit transaction[0m
  ↳ app/controllers/todo_lists_controller.rb:30:in `block in create'
Redirected to http://localhost:3000/todo_lists/1
Completed 302 Found in 11ms (ActiveRecord: 1.5ms | Allocations: 2847)


Started GET "/todo_lists/1" for ::1 at 2020-08-13 20:59:21 -0700
Processing by TodoListsController#show as HTML
  Parameters: {"id"=>"1"}
  [1m[36mTodoList Load (0.2ms)[0m  [1m[34mSELECT "todo_lists".* FROM "todo_lists" WHERE "todo_lists"."id" = ? LIMIT ?[0m  [["id", 1], ["LIMIT", 1]]
  ↳ app/controllers/todo_lists_controller.rb:67:in `set_todo_list'
  Rendering todo_lists/show.html.erb within layouts/application
  Rendered todo_lists/show.html.erb within layouts/application (Duration: 1.3ms | Allocations: 251)
[Webpacker] Everything's up-to-date. Nothing to do
Completed 200 OK in 11ms (Views: 8.1ms | ActiveRecord: 0.2ms | Allocations: 5051)


Started GET "/todo_lists/1/edit" for ::1 at 2020-08-13 20:59:24 -0700
Processing by TodoListsController#edit as HTML
  Parameters: {"id"=>"1"}
  [1m[36mTodoList Load (0.1ms)[0m  [1m[34mSELECT "todo_lists".* FROM "todo_lists" WHERE "todo_lists"."id" = ? LIMIT ?[0m  [["id", 1], ["LIMIT", 1]]
  ↳ app/controllers/todo_lists_controller.rb:67:in `set_todo_list'
  Rendering todo_lists/edit.html.erb within layouts/application
  Rendered todo_lists/_form.html.erb (Duration: 2.2ms | Allocations: 774)
  Rendered todo_lists/edit.html.erb within layouts/application (Duration: 3.5ms | Allocations: 1014)
[Webpacker] Everything's up-to-date. Nothing to do
Completed 200 OK in 13ms (Views: 10.8ms | ActiveRecord: 0.1ms | Allocations: 5655)


Started PATCH "/todo_lists/1" for ::1 at 2020-08-13 20:59:26 -0700
Processing by TodoListsController#update as HTML
  Parameters: {"authenticity_token"=>"Vt4ojLZ3v9vAdsnJ364N4kIaxXMvwGOr/gUAsX56XwBeQgdnTGG4s3FThfWVOcmC0u7iG1Oxummao9HbA6aVvw==", "todo_list"=>{"title"=>"HI ", "description"=>"Test"}, "commit"=>"Update Todo list", "id"=>"1"}
  [1m[36mTodoList Load (0.2ms)[0m  [1m[34mSELECT "todo_lists".* FROM "todo_lists" WHERE "todo_lists"."id" = ? LIMIT ?[0m  [["id", 1], ["LIMIT", 1]]
  ↳ app/controllers/todo_lists_controller.rb:67:in `set_todo_list'
Redirected to http://localhost:3000/todo_lists/1
Completed 302 Found in 5ms (ActiveRecord: 0.2ms | Allocations: 1264)


Started GET "/todo_lists/1" for ::1 at 2020-08-13 20:59:26 -0700
Processing by TodoListsController#show as HTML
  Parameters: {"id"=>"1"}
  [1m[36mTodoList Load (0.1ms)[0m  [1m[34mSELECT "todo_lists".* FROM "todo_lists" WHERE "todo_lists"."id" = ? LIMIT ?[0m  [["id", 1], ["LIMIT", 1]]
  ↳ app/controllers/todo_lists_controller.rb:67:in `set_todo_list'
  Rendering todo_lists/show.html.erb within layouts/application
  Rendered todo_lists/show.html.erb within layouts/application (Duration: 0.3ms | Allocations: 84)
[Webpacker] Everything's up-to-date. Nothing to do
Completed 200 OK in 16ms (Views: 12.0ms | ActiveRecord: 0.1ms | Allocations: 4603)


Started GET "/todo_lists/1/edit" for ::1 at 2020-08-13 20:59:28 -0700
Processing by TodoListsController#edit as HTML
  Parameters: {"id"=>"1"}
  [1m[36mTodoList Load (0.1ms)[0m  [1m[34mSELECT "todo_lists".* FROM "todo_lists" WHERE "todo_lists"."id" = ? LIMIT ?[0m  [["id", 1], ["LIMIT", 1]]
  ↳ app/controllers/todo_lists_controller.rb:67:in `set_todo_list'
  Rendering todo_lists/edit.html.erb within layouts/application
  Rendered todo_lists/_form.html.erb (Duration: 1.6ms | Allocations: 745)
  Rendered todo_lists/edit.html.erb within layouts/application (Duration: 1.9ms | Allocations: 857)
[Webpacker] Everything's up-to-date. Nothing to do
Completed 200 OK in 13ms (Views: 11.3ms | ActiveRecord: 0.1ms | Allocations: 5350)


Started GET "/todo_lists/1" for ::1 at 2020-08-13 20:59:29 -0700
Processing by TodoListsController#show as HTML
  Parameters: {"id"=>"1"}
  [1m[36mTodoList Load (0.1ms)[0m  [1m[34mSELECT "todo_lists".* FROM "todo_lists" WHERE "todo_lists"."id" = ? LIMIT ?[0m  [["id", 1], ["LIMIT", 1]]
  ↳ app/controllers/todo_lists_controller.rb:67:in `set_todo_list'
  Rendering todo_lists/show.html.erb within layouts/application
  Rendered todo_lists/show.html.erb within layouts/application (Duration: 0.2ms | Allocations: 80)
[Webpacker] Everything's up-to-date. Nothing to do
Completed 200 OK in 14ms (Views: 12.5ms | ActiveRecord: 0.1ms | Allocations: 4564)


Started GET "/todo_lists" for ::1 at 2020-08-13 20:59:31 -0700
Processing by TodoListsController#index as HTML
  Rendering todo_lists/index.html.erb within layouts/application
  [1m[36mTodoList Load (0.2ms)[0m  [1m[34mSELECT "todo_lists".* FROM "todo_lists"[0m
  ↳ app/views/todo_lists/index.html.erb:15
  Rendered todo_lists/index.html.erb within layouts/application (Duration: 1.7ms | Allocations: 764)
[Webpacker] Everything's up-to-date. Nothing to do
Completed 200 OK in 10ms (Views: 8.7ms | ActiveRecord: 0.2ms | Allocations: 4741)


Started GET "/todo_lists/new" for ::1 at 2020-08-13 20:59:33 -0700
Processing by TodoListsController#new as HTML
  Rendering todo_lists/new.html.erb within layouts/application
  Rendered todo_lists/_form.html.erb (Duration: 1.2ms | Allocations: 702)
  Rendered todo_lists/new.html.erb within layouts/application (Duration: 1.4ms | Allocations: 784)
[Webpacker] Everything's up-to-date. Nothing to do
Completed 200 OK in 10ms (Views: 8.9ms | ActiveRecord: 0.0ms | Allocations: 4757)


Started POST "/todo_lists" for ::1 at 2020-08-13 20:59:36 -0700
Processing by TodoListsController#create as HTML
  Parameters: {"authenticity_token"=>"8Zjp/srPVmo3Gd9FJYCuY6eq2gcSGhVbrBM1LHB5FUc/xZZFFEXBWqePOPi2xHlJsR1cJAefztzN9pWkCFjViA==", "todo_list"=>{"title"=>"HI ", "description"=>""}, "commit"=>"Create Todo list"}
  [1m[35m (0.0ms)[0m  [1m[36mbegin transaction[0m
  ↳ app/controllers/todo_lists_controller.rb:30:in `block in create'
  [1m[36mTodoList Create (0.4ms)[0m  [1m[32mINSERT INTO "todo_lists" ("title", "description", "created_at", "updated_at") VALUES (?, ?, ?, ?)[0m  [["title", "HI "], ["description", ""], ["created_at", "2020-08-14 03:59:36.569150"], ["updated_at", "2020-08-14 03:59:36.569150"]]
  ↳ app/controllers/todo_lists_controller.rb:30:in `block in create'
  [1m[35m (0.8ms)[0m  [1m[36mcommit transaction[0m
  ↳ app/controllers/todo_lists_controller.rb:30:in `block in create'
Redirected to http://localhost:3000/todo_lists/2
Completed 302 Found in 5ms (ActiveRecord: 1.3ms | Allocations: 2761)


Started GET "/todo_lists/2" for ::1 at 2020-08-13 20:59:36 -0700
Processing by TodoListsController#show as HTML
  Parameters: {"id"=>"2"}
  [1m[36mTodoList Load (0.1ms)[0m  [1m[34mSELECT "todo_lists".* FROM "todo_lists" WHERE "todo_lists"."id" = ? LIMIT ?[0m  [["id", 2], ["LIMIT", 1]]
  ↳ app/controllers/todo_lists_controller.rb:67:in `set_todo_list'
  Rendering todo_lists/show.html.erb within layouts/application
  Rendered todo_lists/show.html.erb within layouts/application (Duration: 0.2ms | Allocations: 82)
[Webpacker] Everything's up-to-date. Nothing to do
Completed 200 OK in 8ms (Views: 6.4ms | ActiveRecord: 0.1ms | Allocations: 4590)


Started GET "/todo_lists" for ::1 at 2020-08-13 20:59:38 -0700
Processing by TodoListsController#index as HTML
  Rendering todo_lists/index.html.erb within layouts/application
  [1m[36mTodoList Load (0.1ms)[0m  [1m[34mSELECT "todo_lists".* FROM "todo_lists"[0m
  ↳ app/views/todo_lists/index.html.erb:15
  Rendered todo_lists/index.html.erb within layouts/application (Duration: 1.3ms | Allocations: 887)
[Webpacker] Everything's up-to-date. Nothing to do
Completed 200 OK in 10ms (Views: 9.8ms | ActiveRecord: 0.1ms | Allocations: 4845)


  [1m[35m (1.2ms)[0m  [1m[34mSELECT sqlite_version(*)[0m
  [1m[35m (0.3ms)[0m  [1m[34mSELECT "schema_migrations"."version" FROM "schema_migrations" ORDER BY "schema_migrations"."version" ASC[0m
  [1m[36mActiveRecord::InternalMetadata Load (0.5ms)[0m  [1m[34mSELECT "ar_internal_metadata".* FROM "ar_internal_metadata" WHERE "ar_internal_metadata"."key" = ? LIMIT ?[0m  [["key", "environment"], ["LIMIT", 1]]
  [1m[35m (0.0ms)[0m  [1m[34mSELECT sqlite_version(*)[0m
  [1m[35m (0.1ms)[0m  [1m[34mSELECT "schema_migrations"."version" FROM "schema_migrations" ORDER BY "schema_migrations"."version" ASC[0m
  [1m[35m (1.1ms)[0m  [1m[34mSELECT sqlite_version(*)[0m
  [1m[35m (0.4ms)[0m  [1m[34mSELECT "schema_migrations"."version" FROM "schema_migrations" ORDER BY "schema_migrations"."version" ASC[0m
Migrating to CreateTodoItems (20200814051157)
  [1m[35m (0.1ms)[0m  [1m[36mbegin transaction[0m
  [1m[35m (0.6ms)[0m  [1m[35mCREATE TABLE "todo_items" ("id" integer PRIMARY KEY AUTOINCREMENT NOT NULL, "content" varchar, "todo_list_id" integer NOT NULL, "created_at" datetime(6) NOT NULL, "updated_at" datetime(6) NOT NULL, CONSTRAINT "fk_rails_d913ce1c56"
FOREIGN KEY ("todo_list_id")
  REFERENCES "todo_lists" ("id")
)[0m
  [1m[35m (0.1ms)[0m  [1m[35mCREATE  INDEX "index_todo_items_on_todo_list_id" ON "todo_items" ("todo_list_id")[0m
  [1m[36mprimary::SchemaMigration Create (0.5ms)[0m  [1m[32mINSERT INTO "schema_migrations" ("version") VALUES (?)[0m  [["version", "20200814051157"]]
  [1m[35m (1.4ms)[0m  [1m[36mcommit transaction[0m
  [1m[36mActiveRecord::InternalMetadata Load (0.6ms)[0m  [1m[34mSELECT "ar_internal_metadata".* FROM "ar_internal_metadata" WHERE "ar_internal_metadata"."key" = ? LIMIT ?[0m  [["key", "environment"], ["LIMIT", 1]]
  [1m[35m (0.1ms)[0m  [1m[34mSELECT sqlite_version(*)[0m
  [1m[35m (0.1ms)[0m  [1m[34mSELECT "schema_migrations"."version" FROM "schema_migrations" ORDER BY "schema_migrations"."version" ASC[0m
DEPRECATION WARNING: Using `bin/rake routes` is deprecated and will be removed in Rails 6.1. Use `bin/rails routes` instead.
 (called from block in execute at /Users/alysiawu/.rvm/rubies/ruby-2.7.0/lib/ruby/gems/2.7.0/gems/rake-13.0.1/lib/rake/task.rb:281)
Started GET "/todo_lists" for ::1 at 2020-08-13 22:31:40 -0700
  [1m[35m (0.8ms)[0m  [1m[34mSELECT sqlite_version(*)[0m
  [1m[35m (0.4ms)[0m  [1m[34mSELECT "schema_migrations"."version" FROM "schema_migrations" ORDER BY "schema_migrations"."version" ASC[0m
Processing by TodoListsController#index as HTML
  Rendering todo_lists/index.html.erb within layouts/application
  [1m[36mTodoList Load (0.4ms)[0m  [1m[34mSELECT "todo_lists".* FROM "todo_lists"[0m
  ↳ app/views/todo_lists/index.html.erb:15
  Rendered todo_lists/index.html.erb within layouts/application (Duration: 10.9ms | Allocations: 4493)
[Webpacker] Everything's up-to-date. Nothing to do
Completed 200 OK in 97ms (Views: 80.4ms | ActiveRecord: 0.8ms | Allocations: 26800)


Started GET "/todo_lists/1" for ::1 at 2020-08-13 22:31:54 -0700
Processing by TodoListsController#show as HTML
  Parameters: {"id"=>"1"}
  [1m[36mTodoList Load (0.2ms)[0m  [1m[34mSELECT "todo_lists".* FROM "todo_lists" WHERE "todo_lists"."id" = ? LIMIT ?[0m  [["id", 1], ["LIMIT", 1]]
  ↳ app/controllers/todo_lists_controller.rb:67:in `set_todo_list'
  Rendering todo_lists/show.html.erb within layouts/application
  [1m[36mTodoItem Load (0.4ms)[0m  [1m[34mSELECT "todo_items".* FROM "todo_items" WHERE "todo_items"."todo_list_id" = ?[0m  [["todo_list_id", 1]]
  ↳ app/views/todo_lists/show.html.erb:14
  Rendered collection of templates [0 times] (Duration: 0.0ms | Allocations: 3)
  Rendered todo_items/_form.html.erb (Duration: 28.1ms | Allocations: 5827)
  Rendered todo_lists/show.html.erb within layouts/application (Duration: 58.4ms | Allocations: 12768)
[Webpacker] Everything's up-to-date. Nothing to do
Completed 200 OK in 70ms (Views: 64.6ms | ActiveRecord: 1.2ms | Allocations: 17799)


Started POST "/todo_lists/1/todo_items" for ::1 at 2020-08-13 22:32:07 -0700
Processing by TodoItemsController#create as HTML
  Parameters: {"authenticity_token"=>"fcKlomctHwqzoWjNdDeTYU70o53NpPk3RvXGnRqSNy1HAFr0h9nNsWNMlLAJ9gDqz84bhaPjcna0m96MGeSxtA==", "todo_item"=>{"content"=>"ee"}, "commit"=>"Create Todo item", "todo_list_id"=>"1"}
  [1m[36mTodoList Load (0.3ms)[0m  [1m[34mSELECT "todo_lists".* FROM "todo_lists" WHERE "todo_lists"."id" = ? LIMIT ?[0m  [["id", 1], ["LIMIT", 1]]
  ↳ app/controllers/todo_items_controller.rb:12:in `set_todo_list'
  [1m[35m (0.1ms)[0m  [1m[36mbegin transaction[0m
  ↳ app/controllers/todo_items_controller.rb:5:in `create'
  [1m[36mTodoItem Create (2.0ms)[0m  [1m[32mINSERT INTO "todo_items" ("content", "todo_list_id", "created_at", "updated_at") VALUES (?, ?, ?, ?)[0m  [["content", "ee"], ["todo_list_id", 1], ["created_at", "2020-08-14 05:32:07.230063"], ["updated_at", "2020-08-14 05:32:07.230063"]]
  ↳ app/controllers/todo_items_controller.rb:5:in `create'
  [1m[35m (0.6ms)[0m  [1m[36mcommit transaction[0m
  ↳ app/controllers/todo_items_controller.rb:5:in `create'
Redirected to http://localhost:3000/todo_lists/1
Completed 302 Found in 9ms (ActiveRecord: 2.9ms | Allocations: 3988)


Started GET "/todo_lists/1" for ::1 at 2020-08-13 22:32:07 -0700
Processing by TodoListsController#show as HTML
  Parameters: {"id"=>"1"}
  [1m[36mTodoList Load (0.1ms)[0m  [1m[34mSELECT "todo_lists".* FROM "todo_lists" WHERE "todo_lists"."id" = ? LIMIT ?[0m  [["id", 1], ["LIMIT", 1]]
  ↳ app/controllers/todo_lists_controller.rb:67:in `set_todo_list'
  Rendering todo_lists/show.html.erb within layouts/application
  [1m[36mTodoItem Load (0.1ms)[0m  [1m[34mSELECT "todo_items".* FROM "todo_items" WHERE "todo_items"."todo_list_id" = ?[0m  [["todo_list_id", 1]]
  ↳ app/views/todo_lists/show.html.erb:14
  Rendered collection of todo_items/_todo_item.html.erb [1 times] (Duration: 0.8ms | Allocations: 111)
  Rendered todo_items/_form.html.erb (Duration: 0.9ms | Allocations: 492)
  Rendered todo_lists/show.html.erb within layouts/application (Duration: 3.9ms | Allocations: 1799)
[Webpacker] Everything's up-to-date. Nothing to do
Completed 200 OK in 16ms (Views: 14.3ms | ActiveRecord: 0.2ms | Allocations: 6362)


Started POST "/todo_lists/1/todo_items" for ::1 at 2020-08-13 22:32:10 -0700
Processing by TodoItemsController#create as HTML
  Parameters: {"authenticity_token"=>"eKlDOa40aXZnLYD1F3wewOh7vBSd5bcGckJdJDfYVxpCa7xvTsC7zbfAfIhqvY1LaUEEDPOiPEeALEU1NK7Rgw==", "todo_item"=>{"content"=>"eeee"}, "commit"=>"Create Todo item", "todo_list_id"=>"1"}
  [1m[36mTodoList Load (0.2ms)[0m  [1m[34mSELECT "todo_lists".* FROM "todo_lists" WHERE "todo_lists"."id" = ? LIMIT ?[0m  [["id", 1], ["LIMIT", 1]]
  ↳ app/controllers/todo_items_controller.rb:12:in `set_todo_list'
  [1m[35m (0.1ms)[0m  [1m[36mbegin transaction[0m
  ↳ app/controllers/todo_items_controller.rb:5:in `create'
  [1m[36mTodoItem Create (0.8ms)[0m  [1m[32mINSERT INTO "todo_items" ("content", "todo_list_id", "created_at", "updated_at") VALUES (?, ?, ?, ?)[0m  [["content", "eeee"], ["todo_list_id", 1], ["created_at", "2020-08-14 05:32:10.897008"], ["updated_at", "2020-08-14 05:32:10.897008"]]
  ↳ app/controllers/todo_items_controller.rb:5:in `create'
  [1m[35m (0.8ms)[0m  [1m[36mcommit transaction[0m
  ↳ app/controllers/todo_items_controller.rb:5:in `create'
Redirected to http://localhost:3000/todo_lists/1
Completed 302 Found in 9ms (ActiveRecord: 1.9ms | Allocations: 3671)


Started GET "/todo_lists/1" for ::1 at 2020-08-13 22:32:10 -0700
Processing by TodoListsController#show as HTML
  Parameters: {"id"=>"1"}
  [1m[36mTodoList Load (0.1ms)[0m  [1m[34mSELECT "todo_lists".* FROM "todo_lists" WHERE "todo_lists"."id" = ? LIMIT ?[0m  [["id", 1], ["LIMIT", 1]]
  ↳ app/controllers/todo_lists_controller.rb:67:in `set_todo_list'
  Rendering todo_lists/show.html.erb within layouts/application
  [1m[36mTodoItem Load (0.2ms)[0m  [1m[34mSELECT "todo_items".* FROM "todo_items" WHERE "todo_items"."todo_list_id" = ?[0m  [["todo_list_id", 1]]
  ↳ app/views/todo_lists/show.html.erb:14
  Rendered collection of todo_items/_todo_item.html.erb [2 times] (Duration: 0.1ms | Allocations: 20)
  Rendered todo_items/_form.html.erb (Duration: 1.9ms | Allocations: 483)
  Rendered todo_lists/show.html.erb within layouts/application (Duration: 4.7ms | Allocations: 1533)
[Webpacker] Everything's up-to-date. Nothing to do
Completed 200 OK in 16ms (Views: 14.1ms | ActiveRecord: 0.3ms | Allocations: 6079)


Started GET "/todo_lists/1" for ::1 at 2020-08-13 22:33:51 -0700
Processing by TodoListsController#show as HTML
  Parameters: {"id"=>"1"}
  [1m[36mTodoList Load (0.5ms)[0m  [1m[34mSELECT "todo_lists".* FROM "todo_lists" WHERE "todo_lists"."id" = ? LIMIT ?[0m  [["id", 1], ["LIMIT", 1]]
  ↳ app/controllers/todo_lists_controller.rb:67:in `set_todo_list'
  Rendering todo_lists/show.html.erb within layouts/application
  [1m[36mTodoItem Load (0.2ms)[0m  [1m[34mSELECT "todo_items".* FROM "todo_items" WHERE "todo_items"."todo_list_id" = ?[0m  [["todo_list_id", 1]]
  ↳ app/views/todo_lists/show.html.erb:14
  Rendered collection of todo_items/_todo_item.html.erb [2 times] (Duration: 6.1ms | Allocations: 790)
  Rendered todo_items/_form.html.erb (Duration: 4.8ms | Allocations: 609)
  Rendered todo_lists/show.html.erb within layouts/application (Duration: 19.0ms | Allocations: 2899)
[Webpacker] Everything's up-to-date. Nothing to do
Completed 200 OK in 55ms (Views: 44.7ms | ActiveRecord: 0.7ms | Allocations: 8371)


Started GET "/todo_lists/1" for ::1 at 2020-08-13 22:34:29 -0700
Processing by TodoListsController#show as HTML
  Parameters: {"id"=>"1"}
  [1m[36mTodoList Load (0.1ms)[0m  [1m[34mSELECT "todo_lists".* FROM "todo_lists" WHERE "todo_lists"."id" = ? LIMIT ?[0m  [["id", 1], ["LIMIT", 1]]
  ↳ app/controllers/todo_lists_controller.rb:67:in `set_todo_list'
  Rendering todo_lists/show.html.erb within layouts/application
  [1m[36mTodoItem Load (0.1ms)[0m  [1m[34mSELECT "todo_items".* FROM "todo_items" WHERE "todo_items"."todo_list_id" = ?[0m  [["todo_list_id", 1]]
  ↳ app/views/todo_lists/show.html.erb:14
  Rendered collection of todo_items/_todo_item.html.erb [2 times] (Duration: 0.8ms | Allocations: 245)
  Rendered todo_items/_form.html.erb (Duration: 1.5ms | Allocations: 609)
  Rendered todo_lists/show.html.erb within layouts/application (Duration: 5.7ms | Allocations: 2352)
[Webpacker] Everything's up-to-date. Nothing to do
Completed 200 OK in 22ms (Views: 18.5ms | ActiveRecord: 0.2ms | Allocations: 7805)


Started GET "/todo_lists/1" for ::1 at 2020-08-13 22:38:29 -0700
  [1m[35m (0.1ms)[0m  [1m[34mSELECT sqlite_version(*)[0m
Processing by TodoListsController#show as HTML
  Parameters: {"id"=>"1"}
  [1m[36mTodoList Load (0.4ms)[0m  [1m[34mSELECT "todo_lists".* FROM "todo_lists" WHERE "todo_lists"."id" = ? LIMIT ?[0m  [["id", 1], ["LIMIT", 1]]
  ↳ app/controllers/todo_lists_controller.rb:67:in `set_todo_list'
  Rendering todo_lists/show.html.erb within layouts/application
  [1m[36mTodoItem Load (0.1ms)[0m  [1m[34mSELECT "todo_items".* FROM "todo_items" WHERE "todo_items"."todo_list_id" = ?[0m  [["todo_list_id", 1]]
  ↳ app/views/todo_lists/show.html.erb:14
  Rendered collection of todo_items/_todo_item.html.erb [2 times] (Duration: 0.7ms | Allocations: 144)
  Rendered todo_items/_form.html.erb (Duration: 3.5ms | Allocations: 643)
  Rendered todo_lists/show.html.erb within layouts/application (Duration: 16.6ms | Allocations: 6160)
[Webpacker] Everything's up-to-date. Nothing to do
Completed 200 OK in 50ms (Views: 34.4ms | ActiveRecord: 1.6ms | Allocations: 14658)


Started DELETE "/todo_lists/1/todo_items/1" for ::1 at 2020-08-13 22:38:34 -0700
Processing by TodoItemsController#destroy as HTML
  Parameters: {"authenticity_token"=>"UvpQZoqVqch0cO9vJ+9PBHj5KehLdXShEx3BKzwIkAtoOK8wamF7c6SdExJaLtyP+cOR8CUy/+Dhc9k6P34Wkg==", "todo_list_id"=>"1", "id"=>"1"}
  [1m[36mTodoList Load (0.1ms)[0m  [1m[34mSELECT "todo_lists".* FROM "todo_lists" WHERE "todo_lists"."id" = ? LIMIT ?[0m  [["id", 1], ["LIMIT", 1]]
  ↳ app/controllers/todo_items_controller.rb:23:in `set_todo_list'
  [1m[36mTodoItem Load (0.2ms)[0m  [1m[34mSELECT "todo_items".* FROM "todo_items" WHERE "todo_items"."todo_list_id" = ? AND "todo_items"."id" = ? LIMIT ?[0m  [["todo_list_id", 1], ["id", 1], ["LIMIT", 1]]
  ↳ app/controllers/todo_items_controller.rb:10:in `destroy'
  [1m[35m (0.1ms)[0m  [1m[36mbegin transaction[0m
  ↳ app/controllers/todo_items_controller.rb:11:in `destroy'
  [1m[36mTodoItem Destroy (0.4ms)[0m  [1m[31mDELETE FROM "todo_items" WHERE "todo_items"."id" = ?[0m  [["id", 1]]
  ↳ app/controllers/todo_items_controller.rb:11:in `destroy'
  [1m[35m (0.7ms)[0m  [1m[36mcommit transaction[0m
  ↳ app/controllers/todo_items_controller.rb:11:in `destroy'
Redirected to http://localhost:3000/todo_lists/1
Completed 302 Found in 9ms (ActiveRecord: 1.5ms | Allocations: 3783)


Started GET "/todo_lists/1" for ::1 at 2020-08-13 22:38:34 -0700
Processing by TodoListsController#show as HTML
  Parameters: {"id"=>"1"}
  [1m[36mTodoList Load (0.2ms)[0m  [1m[34mSELECT "todo_lists".* FROM "todo_lists" WHERE "todo_lists"."id" = ? LIMIT ?[0m  [["id", 1], ["LIMIT", 1]]
  ↳ app/controllers/todo_lists_controller.rb:67:in `set_todo_list'
  Rendering todo_lists/show.html.erb within layouts/application
  [1m[36mTodoItem Load (0.1ms)[0m  [1m[34mSELECT "todo_items".* FROM "todo_items" WHERE "todo_items"."todo_list_id" = ?[0m  [["todo_list_id", 1]]
  ↳ app/views/todo_lists/show.html.erb:14
  Rendered collection of todo_items/_todo_item.html.erb [1 times] (Duration: 0.3ms | Allocations: 75)
  Rendered todo_items/_form.html.erb (Duration: 1.3ms | Allocations: 473)
  Rendered todo_lists/show.html.erb within layouts/application (Duration: 3.8ms | Allocations: 1560)
[Webpacker] Everything's up-to-date. Nothing to do
Completed 200 OK in 14ms (Views: 12.1ms | ActiveRecord: 0.3ms | Allocations: 6130)


Started GET "/todo_lists" for ::1 at 2020-08-13 22:38:48 -0700
Processing by TodoListsController#index as HTML
  Rendering todo_lists/index.html.erb within layouts/application
  [1m[36mTodoList Load (0.2ms)[0m  [1m[34mSELECT "todo_lists".* FROM "todo_lists"[0m
  ↳ app/views/todo_lists/index.html.erb:15
  Rendered todo_lists/index.html.erb within layouts/application (Duration: 3.9ms | Allocations: 1156)
[Webpacker] Everything's up-to-date. Nothing to do
Completed 200 OK in 21ms (Views: 19.4ms | ActiveRecord: 0.2ms | Allocations: 5311)


Started GET "/todo_lists/1" for ::1 at 2020-08-13 22:38:50 -0700
Processing by TodoListsController#show as HTML
  Parameters: {"id"=>"1"}
  [1m[36mTodoList Load (0.2ms)[0m  [1m[34mSELECT "todo_lists".* FROM "todo_lists" WHERE "todo_lists"."id" = ? LIMIT ?[0m  [["id", 1], ["LIMIT", 1]]
  ↳ app/controllers/todo_lists_controller.rb:67:in `set_todo_list'
  Rendering todo_lists/show.html.erb within layouts/application
  [1m[36mTodoItem Load (0.1ms)[0m  [1m[34mSELECT "todo_items".* FROM "todo_items" WHERE "todo_items"."todo_list_id" = ?[0m  [["todo_list_id", 1]]
  ↳ app/views/todo_lists/show.html.erb:14
  Rendered collection of todo_items/_todo_item.html.erb [1 times] (Duration: 0.3ms | Allocations: 76)
  Rendered todo_items/_form.html.erb (Duration: 2.4ms | Allocations: 476)
  Rendered todo_lists/show.html.erb within layouts/application (Duration: 7.3ms | Allocations: 1565)
[Webpacker] Everything's up-to-date. Nothing to do
Completed 200 OK in 29ms (Views: 26.2ms | ActiveRecord: 0.4ms | Allocations: 6117)


